<?xml version="1.0" encoding="UTF-8"?>
<!-- Generated by org.testng.reporters.JUnitXMLReporter -->
<testsuite ignored="0" hostname="Salenium-01" failures="0" tests="3" name="Default test" time="6.285" errors="0" timestamp="2022-09-28T08:42:43 GMT-04:00">
  <testcase classname="com.testCases.UpdateOrder" name="TC_001" time="2.593"/>
  <testcase classname="com.testCases.UpdateOrder" name="TC_002" time="2.25"/>
  <testcase classname="com.testCases.UpdateOrder" name="tc003" time="1.358"/>
</testsuite> <!-- Default test -->
