<?xml version="1.0" encoding="UTF-8"?>
<testng-results ignored="0" total="3" passed="3" failed="0" skipped="0">
  <reporter-output>
  </reporter-output>
  <suite started-at="2022-09-28T08:42:37 GMT-04:00" name="Default suite" finished-at="2022-09-28T08:42:43 GMT-04:00" duration-ms="6285">
    <groups>
    </groups>
    <test started-at="2022-09-28T08:42:37 GMT-04:00" name="Default test" finished-at="2022-09-28T08:42:43 GMT-04:00" duration-ms="6285">
      <class name="com.testCases.UpdateOrder">
        <test-method signature="TC_001()[pri:1, instance:com.testCases.UpdateOrder@54657dd2]" started-at="2022-09-28T08:42:37 GMT-04:00" name="TC_001" finished-at="2022-09-28T08:42:39 GMT-04:00" duration-ms="2593" status="PASS">
          <reporter-output>
          </reporter-output>
        </test-method> <!-- TC_001 -->
        <test-method signature="TC_002()[pri:2, instance:com.testCases.UpdateOrder@54657dd2]" started-at="2022-09-28T08:42:39 GMT-04:00" name="TC_002" finished-at="2022-09-28T08:42:41 GMT-04:00" duration-ms="2250" status="PASS">
          <reporter-output>
          </reporter-output>
        </test-method> <!-- TC_002 -->
        <test-method signature="tc003()[pri:3, instance:com.testCases.UpdateOrder@54657dd2]" started-at="2022-09-28T08:42:41 GMT-04:00" name="tc003" finished-at="2022-09-28T08:42:43 GMT-04:00" duration-ms="1358" status="PASS">
          <reporter-output>
          </reporter-output>
        </test-method> <!-- tc003 -->
      </class> <!-- com.testCases.UpdateOrder -->
    </test> <!-- Default test -->
  </suite> <!-- Default suite -->
</testng-results>
